2025-06-13 10:42:21,746 - __main__ - INFO - 🤖 Инициализация бота
2025-06-13 10:42:21,746 - __main__ - INFO - 📊 Торговая пара: BTCUSDT
2025-06-13 10:42:21,746 - __main__ - INFO - 🔧 Режим: MAINNET
2025-06-13 10:42:21,746 - __main__ - INFO - 🚀 Запуск Crypto Trading Bot (упрощенная версия)
2025-06-13 10:42:22,120 - __main__ - INFO - 🔍 Проверка подключения к Bybit...
2025-06-13 10:42:25,417 - __main__ - INFO - ✅ Подключение успешно!
2025-06-13 10:42:25,417 - __main__ - INFO - 💰 Баланс USDT: 0.00 (доступно: 0.00)
2025-06-13 10:42:25,427 - __main__ - INFO - 📊 Начинаем мониторинг рынка...
2025-06-13 10:42:29,383 - __main__ - INFO - 📈 BTCUSDT: $104586.00 | Объем 24ч: $15,717,322,895
2025-06-13 10:42:59,625 - __main__ - INFO - 📈 BTCUSDT: $104604.70 | Объем 24ч: $15,718,609,931
2025-06-13 10:43:29,867 - __main__ - INFO - 📈 BTCUSDT: $104664.20 | Объем 24ч: $15,700,187,041
2025-06-13 10:44:00,087 - __main__ - INFO - 📈 BTCUSDT: $104692.60 | Объем 24ч: $15,700,960,021
2025-06-13 10:44:30,303 - __main__ - INFO - 📈 BTCUSDT: $104668.10 | Объем 24ч: $15,703,491,234
2025-06-13 10:45:00,545 - __main__ - INFO - 📈 BTCUSDT: $104650.00 | Объем 24ч: $15,704,154,432
2025-06-13 10:45:30,787 - __main__ - INFO - 📈 BTCUSDT: $104579.00 | Объем 24ч: $15,711,977,358
2025-06-13 10:45:35,238 - __main__ - INFO - 👋 Бот остановлен
2025-06-13 10:50:58,010 - __main__ - INFO - 🤖 Инициализация бота
2025-06-13 10:50:58,010 - __main__ - INFO - 📊 Торговая пара: BTCUSDT
2025-06-13 10:50:58,010 - __main__ - INFO - 🔧 Режим: TESTNET
2025-06-13 10:50:58,011 - __main__ - INFO - 🚀 Запуск Crypto Trading Bot (упрощенная версия)
2025-06-13 10:50:58,425 - __main__ - INFO - 🔍 Проверка подключения к Bybit...
2025-06-13 10:50:58,778 - __main__ - ERROR - ❌ Ошибка подключения: bybit {"retCode":10003,"retMsg":"API key is invalid.","result":{},"retExtInfo":{},"time":1749801058678}
2025-06-13 10:50:58,779 - __main__ - ERROR - ❌ Не удалось подключиться к бирже. Проверьте настройки!
2025-06-13 10:50:58,779 - __main__ - INFO - 👋 Бот остановлен
2025-06-13 10:51:46,367 - __main__ - INFO - 🤖 Инициализация бота
2025-06-13 10:51:46,367 - __main__ - INFO - 📊 Торговая пара: BTCUSDT
2025-06-13 10:51:46,367 - __main__ - INFO - 🔧 Режим: TESTNET
2025-06-13 10:51:46,367 - __main__ - INFO - 🚀 Запуск Crypto Trading Bot (упрощенная версия)
2025-06-13 10:51:46,710 - __main__ - INFO - 🔍 Проверка подключения к Bybit...
2025-06-13 10:51:46,972 - __main__ - ERROR - ❌ Ошибка подключения: bybit {"retCode":10003,"retMsg":"API key is invalid.","result":{},"retExtInfo":{},"time":1749801106871}
2025-06-13 10:51:46,972 - __main__ - ERROR - ❌ Не удалось подключиться к бирже. Проверьте настройки!
2025-06-13 10:51:46,972 - __main__ - INFO - 👋 Бот остановлен
2025-06-13 10:55:08,418 - __main__ - INFO - 🤖 Инициализация бота
2025-06-13 10:55:08,418 - __main__ - INFO - 📊 Торговая пара: BTCUSDT
2025-06-13 10:55:08,418 - __main__ - INFO - 🔧 Режим: TESTNET
2025-06-13 10:55:08,418 - __main__ - INFO - 🚀 Запуск Crypto Trading Bot (упрощенная версия)
2025-06-13 10:55:08,783 - __main__ - INFO - 🔍 Проверка подключения к Bybit...
2025-06-13 10:55:09,395 - __main__ - ERROR - ❌ Ошибка подключения: bybit {"retCode":10003,"retMsg":"API key is invalid.","result":{},"retExtInfo":{},"time":1749801309296}
2025-06-13 10:55:09,396 - __main__ - ERROR - ❌ Не удалось подключиться к бирже. Проверьте настройки!
2025-06-13 10:55:09,396 - __main__ - INFO - 👋 Бот остановлен
2025-06-13 10:55:23,814 - __main__ - INFO - Бот запущен. Торговая пара: BTCUSDT
2025-06-13 10:55:24,114 - __main__ - ERROR - Ошибка получения данных: bybit {"retCode":10003,"retMsg":"API key is invalid.","result":{},"retExtInfo":{},"time":1749801323986}
2025-06-13 10:56:32,454 - __main__ - INFO - 🤖 Инициализация бота
2025-06-13 10:56:32,455 - __main__ - INFO - 📊 Торговая пара: BTCUSDT
2025-06-13 10:56:32,455 - __main__ - INFO - 🔧 Режим: TESTNET
2025-06-13 10:56:32,455 - __main__ - INFO - 🚀 Запуск Crypto Trading Bot (упрощенная версия)
2025-06-13 10:56:32,897 - __main__ - INFO - 🔍 Проверка подключения к Bybit...
2025-06-13 10:56:33,169 - __main__ - ERROR - ❌ Ошибка подключения: bybit {"retCode":10003,"retMsg":"API key is invalid.","result":{},"retExtInfo":{},"time":1749801393062}
2025-06-13 10:56:33,170 - __main__ - ERROR - ❌ Не удалось подключиться к бирже. Проверьте настройки!
2025-06-13 10:56:33,170 - __main__ - INFO - 👋 Бот остановлен
2025-06-13 10:59:21,048 - __main__ - INFO - 🤖 Инициализация бота
2025-06-13 10:59:21,048 - __main__ - INFO - 📊 Торговая пара: BTCUSDT
2025-06-13 10:59:21,048 - __main__ - INFO - 🔧 Режим: TESTNET
2025-06-13 10:59:21,048 - __main__ - INFO - 🚀 Запуск Crypto Trading Bot (упрощенная версия)
2025-06-13 10:59:21,433 - __main__ - INFO - 🔍 Проверка подключения к Bybit...
2025-06-13 10:59:21,723 - __main__ - ERROR - ❌ Ошибка подключения: bybit {"retCode":10003,"retMsg":"API key is invalid.","result":{},"retExtInfo":{},"time":1749801561604}
2025-06-13 10:59:21,724 - __main__ - ERROR - ❌ Не удалось подключиться к бирже. Проверьте настройки!
2025-06-13 10:59:21,724 - __main__ - INFO - 👋 Бот остановлен
2025-06-13 11:03:36,585 - __main__ - INFO - 🤖 Инициализация бота
2025-06-13 11:03:36,586 - __main__ - INFO - 📊 Торговая пара: BTCUSDT
2025-06-13 11:03:36,586 - __main__ - INFO - 🔧 Режим: TESTNET
2025-06-13 11:03:36,586 - __main__ - INFO - 🚀 Запуск Crypto Trading Bot (упрощенная версия)
2025-06-13 11:03:36,939 - __main__ - INFO - 🔍 Проверка подключения к Bybit...
2025-06-13 11:03:37,207 - __main__ - ERROR - ❌ Ошибка подключения: bybit {"retCode":10003,"retMsg":"API key is invalid.","result":{},"retExtInfo":{},"time":1749801817101}
2025-06-13 11:03:37,208 - __main__ - ERROR - ❌ Не удалось подключиться к бирже. Проверьте настройки!
2025-06-13 11:03:37,208 - __main__ - INFO - 👋 Бот остановлен
2025-06-13 11:04:56,882 - __main__ - INFO - 🤖 Инициализация бота
2025-06-13 11:04:56,883 - __main__ - INFO - 📊 Торговая пара: BTCUSDT
2025-06-13 11:04:56,883 - __main__ - INFO - 🔧 Режим: TESTNET
2025-06-13 11:04:56,883 - __main__ - INFO - 🚀 Запуск Crypto Trading Bot (упрощенная версия)
2025-06-13 11:04:57,204 - __main__ - INFO - 🔍 Проверка подключения к Bybit...
2025-06-13 11:04:57,814 - __main__ - ERROR - ❌ Ошибка подключения: bybit {"retCode":10003,"retMsg":"API key is invalid.","result":{},"retExtInfo":{},"time":1749801897713}
2025-06-13 11:04:57,814 - __main__ - ERROR - ❌ Не удалось подключиться к бирже. Проверьте настройки!
2025-06-13 11:04:57,814 - __main__ - INFO - 👋 Бот остановлен
2025-06-13 11:06:45,704 - __main__ - INFO - 🤖 Инициализация бота
2025-06-13 11:06:45,704 - __main__ - INFO - 📊 Торговая пара: BTCUSDT
2025-06-13 11:06:45,704 - __main__ - INFO - 🔧 Режим: TESTNET
2025-06-13 11:06:45,704 - __main__ - INFO - 🚀 Запуск Crypto Trading Bot (упрощенная версия)
2025-06-13 11:06:46,026 - __main__ - INFO - 🔍 Проверка подключения к Bybit...
2025-06-13 11:06:46,283 - __main__ - ERROR - ❌ Ошибка подключения: bybit {"retCode":10003,"retMsg":"API key is invalid.","result":{},"retExtInfo":{},"time":1749802006183}
2025-06-13 11:06:46,284 - __main__ - ERROR - ❌ Не удалось подключиться к бирже. Проверьте настройки!
2025-06-13 11:06:46,284 - __main__ - INFO - 👋 Бот остановлен
2025-06-13 11:13:15,984 - __main__ - INFO - 🤖 Инициализация бота
2025-06-13 11:13:15,985 - __main__ - INFO - 📊 Торговая пара: BTCUSDT
2025-06-13 11:13:15,985 - __main__ - INFO - 🔧 Режим: TESTNET
2025-06-13 11:13:15,985 - __main__ - INFO - 🚀 Запуск Crypto Trading Bot (упрощенная версия)
2025-06-13 11:13:16,322 - __main__ - INFO - 🔍 Проверка подключения к Bybit...
2025-06-13 11:13:23,075 - __main__ - INFO - ✅ Подключение успешно!
2025-06-13 11:13:23,075 - __main__ - INFO - 💰 Баланс USDT: 0.00 (доступно: 0.00)
2025-06-13 11:13:23,082 - __main__ - INFO - 📊 Начинаем мониторинг рынка...
2025-06-13 11:13:29,016 - __main__ - INFO - 📈 BTCUSDT: $107000.00 | Объем 24ч: $31,294,730
2025-06-13 11:13:59,257 - __main__ - INFO - 📈 BTCUSDT: $107000.00 | Объем 24ч: $31,284,543
2025-06-13 11:14:29,842 - __main__ - INFO - 📈 BTCUSDT: $107066.70 | Объем 24ч: $31,284,934
2025-06-13 11:15:00,079 - __main__ - INFO - 📈 BTCUSDT: $107333.40 | Объем 24ч: $31,285,042
2025-06-13 11:15:30,296 - __main__ - INFO - 📈 BTCUSDT: $108133.40 | Объем 24ч: $31,287,379
2025-06-13 11:15:32,706 - __main__ - INFO - 👋 Бот остановлен
2025-06-13 11:15:35,151 - __main__ - INFO - 🤖 Инициализация бота
2025-06-13 11:15:35,151 - __main__ - INFO - 📊 Торговая пара: BTCUSDT
2025-06-13 11:15:35,151 - __main__ - INFO - 🔧 Режим: TESTNET
2025-06-13 11:15:35,151 - __main__ - INFO - 🚀 Запуск Crypto Trading Bot (упрощенная версия)
2025-06-13 11:15:35,479 - __main__ - INFO - 🔍 Проверка подключения к Bybit...
2025-06-13 11:15:42,367 - __main__ - INFO - ✅ Подключение успешно!
2025-06-13 11:15:42,367 - __main__ - INFO - 💰 Баланс USDT: 0.00 (доступно: 0.00)
2025-06-13 11:15:42,374 - __main__ - INFO - 📊 Начинаем мониторинг рынка...
2025-06-13 11:15:45,918 - __main__ - INFO - 📈 BTCUSDT: $108133.40 | Объем 24ч: $31,287,379
2025-06-13 11:16:16,157 - __main__ - INFO - 📈 BTCUSDT: $108133.40 | Объем 24ч: $31,287,379
2025-06-13 11:16:46,371 - __main__ - INFO - 📈 BTCUSDT: $108250.00 | Объем 24ч: $31,282,743
2025-06-13 11:17:13,596 - __main__ - INFO - 👋 Бот остановлен
2025-06-13 11:17:16,054 - __main__ - INFO - 🤖 Инициализация бота
2025-06-13 11:17:16,054 - __main__ - INFO - 📊 Торговая пара: BTCUSDT
2025-06-13 11:17:16,054 - __main__ - INFO - 🔧 Режим: TESTNET
2025-06-13 11:17:16,054 - __main__ - INFO - 🚀 Запуск Crypto Trading Bot (упрощенная версия)
2025-06-13 11:17:16,409 - __main__ - INFO - 🔍 Проверка подключения к Bybit...
2025-06-13 11:17:23,238 - __main__ - INFO - ✅ Подключение успешно!
2025-06-13 11:17:23,238 - __main__ - INFO - 💰 Баланс USDT: 10000.00 (доступно: 10000.00)
2025-06-13 11:17:23,245 - __main__ - INFO - 📊 Начинаем мониторинг рынка...
2025-06-13 11:17:27,013 - __main__ - INFO - 📈 BTCUSDT: $108133.40 | Объем 24ч: $31,283,825
2025-06-13 11:17:57,220 - __main__ - INFO - 📈 BTCUSDT: $108266.70 | Объем 24ч: $31,282,545
2025-06-13 11:18:27,460 - __main__ - INFO - 📈 BTCUSDT: $108140.70 | Объем 24ч: $31,276,855
2025-06-13 11:18:57,688 - __main__ - INFO - 📈 BTCUSDT: $108140.70 | Объем 24ч: $31,276,855
2025-06-13 11:19:27,911 - __main__ - INFO - 📈 BTCUSDT: $108400.00 | Объем 24ч: $31,278,374
2025-06-13 11:19:58,121 - __main__ - INFO - 📈 BTCUSDT: $108188.10 | Объем 24ч: $31,278,847
2025-06-13 11:20:28,357 - __main__ - INFO - 📈 BTCUSDT: $108480.00 | Объем 24ч: $31,269,537
2025-06-13 11:20:58,580 - __main__ - INFO - 📈 BTCUSDT: $108270.00 | Объем 24ч: $31,269,645
2025-06-13 11:21:28,859 - __main__ - INFO - 📈 BTCUSDT: $108133.40 | Объем 24ч: $31,269,685
2025-06-13 11:21:59,112 - __main__ - INFO - 📈 BTCUSDT: $109110.50 | Объем 24ч: $31,280,563
2025-06-13 11:22:29,348 - __main__ - INFO - 📈 BTCUSDT: $109060.00 | Объем 24ч: $31,284,490
2025-06-13 11:22:59,577 - __main__ - INFO - 📈 BTCUSDT: $109160.00 | Объем 24ч: $31,270,786
2025-06-13 11:23:29,813 - __main__ - INFO - 📈 BTCUSDT: $108690.00 | Объем 24ч: $31,269,062
2025-06-13 11:24:00,093 - __main__ - INFO - 📈 BTCUSDT: $109290.00 | Объем 24ч: $31,273,973
2025-06-13 11:24:30,683 - __main__ - INFO - 📈 BTCUSDT: $109392.00 | Объем 24ч: $31,288,378
2025-06-13 11:25:00,905 - __main__ - INFO - 📈 BTCUSDT: $108657.20 | Объем 24ч: $31,297,214
2025-06-13 11:25:31,145 - __main__ - INFO - 📈 BTCUSDT: $107826.10 | Объем 24ч: $31,322,497
2025-06-13 11:26:01,732 - __main__ - INFO - 📈 BTCUSDT: $107866.70 | Объем 24ч: $31,290,814
2025-06-13 11:26:31,970 - __main__ - INFO - 📈 BTCUSDT: $109550.00 | Объем 24ч: $31,314,670
2025-06-13 11:27:02,205 - __main__ - INFO - 📈 BTCUSDT: $109200.00 | Объем 24ч: $31,320,363
2025-06-13 11:27:32,442 - __main__ - INFO - 📈 BTCUSDT: $108500.00 | Объем 24ч: $31,317,825
2025-06-13 11:28:02,669 - __main__ - INFO - 📈 BTCUSDT: $108533.40 | Объем 24ч: $31,319,235
2025-06-13 11:28:32,892 - __main__ - INFO - 📈 BTCUSDT: $108900.00 | Объем 24ч: $31,333,089
2025-06-13 11:29:03,116 - __main__ - INFO - 📈 BTCUSDT: $108800.00 | Объем 24ч: $31,326,732
2025-06-13 11:29:33,352 - __main__ - INFO - 📈 BTCUSDT: $108800.00 | Объем 24ч: $31,319,440
2025-06-13 11:30:03,605 - __main__ - INFO - 📈 BTCUSDT: $108080.80 | Объем 24ч: $31,329,610
2025-06-13 11:30:33,841 - __main__ - INFO - 📈 BTCUSDT: $107767.00 | Объем 24ч: $31,299,215
2025-06-13 11:31:04,062 - __main__ - INFO - 📈 BTCUSDT: $108828.50 | Объем 24ч: $31,307,021
2025-06-13 11:31:34,299 - __main__ - INFO - 📈 BTCUSDT: $109110.50 | Объем 24ч: $31,314,438
2025-06-13 11:32:04,512 - __main__ - INFO - 📈 BTCUSDT: $108900.50 | Объем 24ч: $31,305,550
2025-06-13 11:32:34,753 - __main__ - INFO - 📈 BTCUSDT: $108900.50 | Объем 24ч: $31,268,084
2025-06-13 11:33:04,989 - __main__ - INFO - 📈 BTCUSDT: $109149.90 | Объем 24ч: $31,268,847
2025-06-13 11:33:35,224 - __main__ - INFO - 📈 BTCUSDT: $108169.80 | Объем 24ч: $31,268,353
2025-06-13 11:34:05,462 - __main__ - INFO - 📈 BTCUSDT: $109250.00 | Объем 24ч: $31,275,750
